Removed Pin From Net: NetName=+AREF Pin=C?-2
Removed Pin From Net: NetName=AD0 Pin=J?-1
Removed Pin From Net: NetName=AD1 Pin=J?-2
Removed Pin From Net: NetName=AD2 Pin=J?-3
Removed Pin From Net: NetName=AD3 Pin=J?-4
Removed Pin From Net: NetName=AD4/SDA Pin=J?-5
Removed Pin From Net: NetName=AD5/SCL Pin=J?-6
Added Pin To Net: NetName=GND Pin=C?-1
Added Pin To Net: NetName=GND Pin=C?-1
Added Pin To Net: NetName=GND Pin=C?-1
Added Pin To Net: NetName=GND Pin=C?-1
Added Pin To Net: NetName=GND Pin=C?-1
Added Pin To Net: NetName=GND Pin=C?-1
Added Pin To Net: NetName=GND Pin=C?-1
Added Pin To Net: NetName=+3V3 Pin=C?-2
Added Pin To Net: NetName=+5V/3V3_16U2 Pin=C?-2
Added Pin To Net: NetName=+5V/3V3_328P_AVCC Pin=C?-2
Added Pin To Net: NetName=+5V/3V3_328P_VCC Pin=C?-2
Added Pin To Net: NetName=+5V/3V3_328P_VCC Pin=C?-2
Added Pin To Net: NetName=+5V/3V3 Pin=C?-2
Added Pin To Net: NetName=+5V Pin=C?-2
Added Pin To Net: NetName=+AREF Pin=C?-2
Added Pin To Net: NetName=AD5/SCL Pin=J?-1
